<?xml version="1.0" encoding="UTF-8"?>
<testng-results ignored="0" total="1" passed="1" failed="0" skipped="0">
  <reporter-output>
  </reporter-output>
  <suite started-at="2025-12-21T13:10:39 IST" name="Surefire suite" finished-at="2025-12-21T13:10:39 IST" duration-ms="21">
    <groups>
    </groups>
    <test started-at="2025-12-21T13:10:39 IST" name="Surefire test" finished-at="2025-12-21T13:10:39 IST" duration-ms="21">
      <class name="com.automation.AppTest">
        <test-method signature="shouldAnswerWithTrue()" started-at="2025-12-21T13:10:39 IST" name="shouldAnswerWithTrue" finished-at="2025-12-21T13:10:39 IST" duration-ms="4" status="PASS">
          <reporter-output>
          </reporter-output>
        </test-method> <!-- shouldAnswerWithTrue -->
      </class> <!-- com.automation.AppTest -->
    </test> <!-- Surefire test -->
  </suite> <!-- Surefire suite -->
</testng-results>
