<?xml version="1.0" encoding="UTF-8"?>
<testng-results ignored="0" total="1" passed="1" failed="0" skipped="0">
  <reporter-output>
  </reporter-output>
  <suite started-at="2025-12-21T13:10:02 IST" name="Surefire suite" finished-at="2025-12-21T13:10:39 IST" duration-ms="36883">
    <groups>
    </groups>
    <test started-at="2025-12-21T13:10:02 IST" name="Surefire test" finished-at="2025-12-21T13:10:39 IST" duration-ms="36883">
      <class name="tests.LoginTest">
        <test-method is-config="true" signature="setup()[pri:0, instance:tests.LoginTest@c540f5a]" started-at="2025-12-21T13:10:02 IST" name="setup" finished-at="2025-12-21T13:10:06 IST" duration-ms="3724" status="PASS">
          <reporter-output>
          </reporter-output>
        </test-method> <!-- setup -->
        <test-method signature="verifyValidLogin()[pri:0, instance:tests.LoginTest@c540f5a]" started-at="2025-12-21T13:10:06 IST" name="verifyValidLogin" finished-at="2025-12-21T13:10:39 IST" duration-ms="32709" status="PASS">
          <reporter-output>
          </reporter-output>
        </test-method> <!-- verifyValidLogin -->
        <test-method is-config="true" signature="tearDown()[pri:0, instance:tests.LoginTest@c540f5a]" started-at="2025-12-21T13:10:39 IST" name="tearDown" finished-at="2025-12-21T13:10:39 IST" duration-ms="416" status="PASS">
          <reporter-output>
          </reporter-output>
        </test-method> <!-- tearDown -->
      </class> <!-- tests.LoginTest -->
    </test> <!-- Surefire test -->
  </suite> <!-- Surefire suite -->
</testng-results>
