<?xml version="1.0" encoding="UTF-8"?>
<testng-results ignored="0" total="1" passed="1" failed="0" skipped="0">
  <reporter-output>
  </reporter-output>
  <suite started-at="2025-12-25T14:21:47 IST" name="Automation Suite" finished-at="2025-12-25T14:22:29 IST" duration-ms="42162">
    <groups>
    </groups>
    <test started-at="2025-12-25T14:21:47 IST" name="Login Tests" finished-at="2025-12-25T14:22:29 IST" duration-ms="42162">
      <class name="tests.LoginTest">
        <test-method is-config="true" signature="setup()[pri:0, instance:tests.LoginTest@31c88ec8]" started-at="2025-12-25T14:21:47 IST" name="setup" finished-at="2025-12-25T14:21:49 IST" duration-ms="2081" status="PASS">
          <reporter-output>
          </reporter-output>
        </test-method> <!-- setup -->
        <test-method signature="verifyValidLogin()[pri:0, instance:tests.LoginTest@31c88ec8]" started-at="2025-12-25T14:21:49 IST" name="verifyValidLogin" finished-at="2025-12-25T14:22:29 IST" duration-ms="39672" status="PASS">
          <reporter-output>
          </reporter-output>
        </test-method> <!-- verifyValidLogin -->
        <test-method is-config="true" signature="tearDown()[pri:0, instance:tests.LoginTest@31c88ec8]" started-at="2025-12-25T14:22:29 IST" name="tearDown" finished-at="2025-12-25T14:22:29 IST" duration-ms="374" status="PASS">
          <reporter-output>
          </reporter-output>
        </test-method> <!-- tearDown -->
      </class> <!-- tests.LoginTest -->
    </test> <!-- Login Tests -->
  </suite> <!-- Automation Suite -->
</testng-results>
